2020-10-27T22:30:22+00:00 CRITICAL Uncaught Error: Call to undefined function mb_detect_encoding() in /var/www/html/wp-content/plugins/loco-translate/lib/compiled/gettext.php:13
Stack trace:
#0 /var/www/html/wp-content/plugins/loco-translate/src/gettext/Data.php(69): LocoPoParser->__construct()
#1 /var/www/html/wp-content/plugins/loco-translate/src/gettext/Data.php(38): Loco_gettext_Data::fromSource()
#2 /var/www/html/wp-content/plugins/loco-translate/src/gettext/Metadata.php(70): Loco_gettext_Data::load()
#3 /var/www/html/wp-content/plugins/loco-translate/src/admin/bundle/ViewController.php(72): Loco_gettext_Metadata::load()
#4 /var/www/html/wp-content/plugins/loco-translate/src/admin/bundle/ViewController.php(252): Loco_admin_bundle_ViewController->createProjectParams()
#5 /var/www/html/wp-content/plugins/loco-translate/src/admin/bundle/ViewController.php(280): Loco_admin_bundle_ViewController->createBundleListing()
#6 /var/www/html/wp-content/plugins/loco-translate/src/mvc/AdminRouter.php(240): Loco_admin_bundle_ViewController->render()
#7  en /var/www/html/wp-content/plugins/loco-translate/lib/compiled/gettext.php en la línea 13

2020-10-27T23:58:01+00:00 CRITICAL Uncaught Error: Class 'DOMDocument' not found in /var/www/html/wp-content/plugins/careerfy-framework/includes/common-functions.php:46
Stack trace:
#0 /var/www/html/wp-content/themes/careerfy/archive.php(62): careerfy_pagination()
#1 /var/www/html/wp-includes/template-loader.php(106): include('/var/www/html/w...')
#2 /var/www/html/wp-blog-header.php(19): require_once('/var/www/html/w...')
#3 /var/www/html/index.php(17): require('/var/www/html/w...')
#4 {main}
  thrown en /var/www/html/wp-content/plugins/careerfy-framework/includes/common-functions.php en la línea 46

2020-10-27T23:58:57+00:00 CRITICAL Uncaught Error: Class 'DOMDocument' not found in /var/www/html/wp-content/plugins/careerfy-framework/includes/common-functions.php:46
Stack trace:
#0 /var/www/html/wp-content/themes/careerfy/archive.php(62): careerfy_pagination()
#1 /var/www/html/wp-includes/template-loader.php(106): include('/var/www/html/w...')
#2 /var/www/html/wp-blog-header.php(19): require_once('/var/www/html/w...')
#3 /var/www/html/index.php(17): require('/var/www/html/w...')
#4 {main}
  thrown en /var/www/html/wp-content/plugins/careerfy-framework/includes/common-functions.php en la línea 46

